Using pre-set license
Built from '2022.2/staging' branch; Version is '2022.2.6f1 (10bfa6201ced) revision 1097638'; Using compiler version '192829333'; Build Type 'Release'
OS: 'Windows 11  (10.0.22621) 64bit Professional' Language: 'en' Physical Memory: 16269 MB
BatchMode: 1, IsHumanControllingUs: 0, StartBugReporterOnCrash: 0, Is64bit: 1, IsPro: 1

COMMAND LINE ARGUMENTS:
D:\OtherSoftware\Unity\Engines\2021-3-14f1\2022.2.6f1\Editor\Unity.exe
-adb2
-batchMode
-noUpm
-name
AssetImportWorker1
-projectPath
G:/Dev/UnityProjects/MostWantedRagdolls
-logFile
Logs/AssetImportWorker1.log
-srvPort
60816
Successfully changed project path to: G:/Dev/UnityProjects/MostWantedRagdolls
G:/Dev/UnityProjects/MostWantedRagdolls
[UnityMemory] Configuration Parameters - Can be set up in boot.config
    "memorysetup-bucket-allocator-granularity=16"
    "memorysetup-bucket-allocator-bucket-count=8"
    "memorysetup-bucket-allocator-block-size=33554432"
    "memorysetup-bucket-allocator-block-count=8"
    "memorysetup-main-allocator-block-size=16777216"
    "memorysetup-thread-allocator-block-size=16777216"
    "memorysetup-gfx-main-allocator-block-size=16777216"
    "memorysetup-gfx-thread-allocator-block-size=16777216"
    "memorysetup-cache-allocator-block-size=4194304"
    "memorysetup-typetree-allocator-block-size=2097152"
    "memorysetup-profiler-bucket-allocator-granularity=16"
    "memorysetup-profiler-bucket-allocator-bucket-count=8"
    "memorysetup-profiler-bucket-allocator-block-size=33554432"
    "memorysetup-profiler-bucket-allocator-block-count=8"
    "memorysetup-profiler-allocator-block-size=16777216"
    "memorysetup-profiler-editor-allocator-block-size=1048576"
    "memorysetup-temp-allocator-size-main=16777216"
    "memorysetup-job-temp-allocator-block-size=2097152"
    "memorysetup-job-temp-allocator-block-size-background=1048576"
    "memorysetup-job-temp-allocator-reduction-small-platforms=262144"
    "memorysetup-temp-allocator-size-background-worker=32768"
    "memorysetup-temp-allocator-size-job-worker=262144"
    "memorysetup-temp-allocator-size-preload-manager=33554432"
    "memorysetup-temp-allocator-size-nav-mesh-worker=65536"
    "memorysetup-temp-allocator-size-audio-worker=65536"
    "memorysetup-temp-allocator-size-cloud-worker=32768"
    "memorysetup-temp-allocator-size-gi-baking-worker=262144"
    "memorysetup-temp-allocator-size-gfx=262144"
Player connection [23104] Host "[IP] 192.168.23.1 [Port] 0 [Flags] 2 [Guid] 3402895631 [EditorId] 3402895631 [Version] 1048832 [Id] WindowsEditor(7,AnkitPC) [Debug] 1 [PackageName] WindowsEditor [ProjectName] Editor" joined multi-casting on [225.0.0.222:54997]...

Player connection [23104] Host "[IP] 192.168.23.1 [Port] 0 [Flags] 2 [Guid] 3402895631 [EditorId] 3402895631 [Version] 1048832 [Id] WindowsEditor(7,AnkitPC) [Debug] 1 [PackageName] WindowsEditor [ProjectName] Editor" joined alternative multi-casting on [225.0.0.222:34997]...

Refreshing native plugins compatible for Editor in 7.93 ms, found 2 plugins.
Preloading 0 native plugins for Editor in 0.00 ms.
Initialize engine version: 2022.2.6f1 (10bfa6201ced)
[Subsystems] Discovering subsystems at path D:/OtherSoftware/Unity/Engines/2021-3-14f1/2022.2.6f1/Editor/Data/Resources/UnitySubsystems
[Subsystems] Discovering subsystems at path G:/Dev/UnityProjects/MostWantedRagdolls/Assets
GfxDevice: creating device client; threaded=0; jobified=0
Direct3D:
    Version:  Direct3D 11.0 [level 11.1]
    Renderer: NVIDIA GeForce GTX 1060 3GB (ID=0x1c02)
    Vendor:   NVIDIA
    VRAM:     2979 MB
    Driver:   31.0.15.3598
Initialize mono
Mono path[0] = 'D:/OtherSoftware/Unity/Engines/2021-3-14f1/2022.2.6f1/Editor/Data/Managed'
Mono path[1] = 'D:/OtherSoftware/Unity/Engines/2021-3-14f1/2022.2.6f1/Editor/Data/MonoBleedingEdge/lib/mono/unityjit-win32'
Mono config path = 'D:/OtherSoftware/Unity/Engines/2021-3-14f1/2022.2.6f1/Editor/Data/MonoBleedingEdge/etc'
Using monoOptions --debugger-agent=transport=dt_socket,embedding=1,server=y,suspend=n,address=127.0.0.1:56532
Begin MonoManager ReloadAssembly
Registering precompiled unity dll's ...
Register platform support module: D:/OtherSoftware/Unity/Engines/2021-3-14f1/2022.2.6f1/Editor/Data/PlaybackEngines/AndroidPlayer/UnityEditor.Android.Extensions.dll
Register platform support module: D:/OtherSoftware/Unity/Engines/2021-3-14f1/2022.2.6f1/Editor/Data/PlaybackEngines/WindowsStandaloneSupport/UnityEditor.WindowsStandalone.Extensions.dll
Registered in 0.005386 seconds.
- Loaded All Assemblies, in  0.405 seconds
Native extension for WindowsStandalone target not found
Native extension for Android target not found
Android Extension - Scanning For ADB Devices 417 ms
Mono: successfully reloaded assembly
- Finished resetting the current domain, in  0.735 seconds
Domain Reload Profiling:
	ReloadAssembly (250ms)
		BeginReloadAssembly (111ms)
			ExecutionOrderSort (0ms)
			DisableScriptedObjects (0ms)
			BackupInstance (0ms)
			ReleaseScriptingObjects (0ms)
			CreateAndSetChildDomain (1ms)
		LoadAllAssembliesAndSetupDomain (0ms)
			LoadAssemblies (111ms)
			RebuildTransferFunctionScriptingTraits (0ms)
			SetupTypeCache (151ms)
				TypeCache.Initialize (150ms)
					TypeCache.ScanAssembly (148ms)
				ResolveRequiredComponents (1ms)
		FinalizeReload (0ms)
			ReleaseScriptCaches (0ms)
			RebuildScriptCaches (0ms)
			SetupLoadedEditorAssemblies (672ms)
				LogAssemblyErrors (0ms)
				InitializePlatformSupportModulesInManaged (515ms)
				SetLoadedEditorAssemblies (4ms)
				RefreshPlugins (0ms)
				BeforeProcessingInitializeOnLoad (1ms)
				ProcessInitializeOnLoadAttributes (106ms)
				ProcessInitializeOnLoadMethodAttributes (46ms)
				AfterProcessingInitializeOnLoad (0ms)
				EditorAssembliesLoaded (0ms)
			ExecutionOrderSort2 (0ms)
			AwakeInstancesAfterBackupRestoration (0ms)
========================================================================
Worker process is ready to serve import requests
Begin MonoManager ReloadAssembly
- Loaded All Assemblies, in  1.015 seconds
Refreshing native plugins compatible for Editor in 2.57 ms, found 2 plugins.
Native extension for WindowsStandalone target not found
Native extension for Android target not found
[MODES] ModeService[none].Initialize
[MODES] ModeService[none].LoadModes
[MODES] Loading mode Default (0) for mode-current-id-Ragdoll Most Wanted
Mono: successfully reloaded assembly
- Finished resetting the current domain, in  0.788 seconds
Domain Reload Profiling:
	ReloadAssembly (248ms)
		BeginReloadAssembly (156ms)
			ExecutionOrderSort (0ms)
			DisableScriptedObjects (6ms)
			BackupInstance (0ms)
			ReleaseScriptingObjects (0ms)
			CreateAndSetChildDomain (24ms)
		LoadAllAssembliesAndSetupDomain (767ms)
			LoadAssemblies (277ms)
			RebuildTransferFunctionScriptingTraits (0ms)
			SetupTypeCache (570ms)
				TypeCache.Initialize (287ms)
					TypeCache.ScanAssembly (283ms)
				ResolveRequiredComponents (29ms)
		FinalizeReload (0ms)
			ReleaseScriptCaches (0ms)
			RebuildScriptCaches (0ms)
			SetupLoadedEditorAssemblies (484ms)
				LogAssemblyErrors (0ms)
				InitializePlatformSupportModulesInManaged (24ms)
				SetLoadedEditorAssemblies (3ms)
				RefreshPlugins (0ms)
				BeforeProcessingInitializeOnLoad (56ms)
				ProcessInitializeOnLoadAttributes (336ms)
				ProcessInitializeOnLoadMethodAttributes (63ms)
				AfterProcessingInitializeOnLoad (2ms)
				EditorAssembliesLoaded (0ms)
			ExecutionOrderSort2 (0ms)
			AwakeInstancesAfterBackupRestoration (6ms)
Launched and connected shader compiler UnityShaderCompiler.exe after 0.11 seconds
Refreshing native plugins compatible for Editor in 2.84 ms, found 2 plugins.
Preloading 0 native plugins for Editor in 0.00 ms.
Unloading 4047 Unused Serialized files (Serialized files now loaded: 0)
Unloading 37 unused Assets / (485.3 KB). Loaded Objects now: 4526.
Memory consumption went from 0.64 GB to 0.64 GB.
Total: 7.040300 ms (FindLiveObjects: 0.586200 ms CreateObjectMapping: 0.818600 ms MarkObjects: 5.067700 ms  DeleteObjects: 0.566500 ms)

AssetImportParameters requested are different than current active one (requested -> active):
  custom:container-demuxer-ogg: 62fdf1f143b41e24485cea50d1cbac27 -> 
  custom:video-decoder-ogg-theora: a1e56fd34408186e4bbccfd4996cb3dc -> 
  custom:framework-win-MediaFoundation: 216162199b28c13a410421893ffa2e32 -> 
  custom:container-demuxer-webm: 4f35f7cbe854078d1ac9338744f61a02 -> 
  custom:container-muxer-webm: aa71ff27fc2769a1b78a27578f13a17b -> 
  custom:video-decoder-webm-vp8: 9c59270c3fd7afecdb556c50c9e8de78 -> 
  custom:AudioImporter_EditorPlatform: d09bf68614088b80899f8185d706f6e7 -> 
  custom:video-encoder-webm-vp8: eb34c28f22e8b96e1ab97ce403110664 -> 
  custom:audio-decoder-ogg-vorbis: bf7c407c2cedff20999df2af8eb42d56 -> 
  custom:audio-encoder-webm-vorbis: bf7c407c2cedff20999df2af8eb42d56 -> 
========================================================================
Received Prepare
Begin MonoManager ReloadAssembly
- Loaded All Assemblies, in  0.957 seconds
Refreshing native plugins compatible for Editor in 1.64 ms, found 2 plugins.
Native extension for WindowsStandalone target not found
Native extension for Android target not found
Error saving file Library/StateCache/LayerSettings/9e/9ecc5c3c162a7aba29bafa64c8b94b7c.json. Error: System.IO.IOException: Sharing violation on path G:\Dev\UnityProjects\MostWantedRagdolls\Library\StateCache\LayerSettings\9e\9ecc5c3c162a7aba29bafa64c8b94b7c.json
  at System.IO.FileStream..ctor (System.String path, System.IO.FileMode mode, System.IO.FileAccess access, System.IO.FileShare share, System.Int32 bufferSize, System.Boolean anonymous, System.IO.FileOptions options) [0x0019e] in <697c5b3fd45741b99b7cab46a4b7b6ac>:0 
  at System.IO.FileStream..ctor (System.String path, System.IO.FileMode mode, System.IO.FileAccess access, System.IO.FileShare share, System.Int32 bufferSize, System.IO.FileOptions options) [0x00000] in <697c5b3fd45741b99b7cab46a4b7b6ac>:0 
  at (wrapper remoting-invoke-with-check) System.IO.FileStream..ctor(string,System.IO.FileMode,System.IO.FileAccess,System.IO.FileShare,int,System.IO.FileOptions)
  at System.IO.StreamWriter..ctor (System.String path, System.Boolean append, System.Text.Encoding encoding, System.Int32 bufferSize) [0x00055] in <697c5b3fd45741b99b7cab46a4b7b6ac>:0 
  at System.IO.StreamWriter..ctor (System.String path, System.Boolean append, System.Text.Encoding encoding) [0x00000] in <697c5b3fd45741b99b7cab46a4b7b6ac>:0 
  at (wrapper remoting-invoke-with-check) System.IO.StreamWriter..ctor(string,bool,System.Text.Encoding)
  at System.IO.File.WriteAllText (System.String path, System.String contents, System.Text.Encoding encoding) [0x00034] in <697c5b3fd45741b99b7cab46a4b7b6ac>:0 
  at UnityEditor.StateCache`1[T].SetState (UnityEngine.Hash128 key, T obj) [0x0004b] in <dcccd05c4df34a519c0d00d5aed085b6>:0 
UnityEngine.StackTraceUtility:ExtractStackTrace ()
UnityEngine.DebugLogHandler:LogFormat (UnityEngine.LogType,UnityEngine.Object,string,object[])
UnityEngine.Logger:Log (UnityEngine.LogType,object)
UnityEngine.Debug:LogError (object)
UnityEditor.StateCache`1<UnityEditor.Tools/LayerSettings>:SetState (UnityEngine.Hash128,UnityEditor.Tools/LayerSettings)
UnityEditor.Tools:set_lockedLayers (int)
UnityEditor.Tools:OnEnable ()
UnityEngine.ScriptableObject:CreateInstance (System.Type)
UnityEngine.ScriptableObject:CreateInstance<UnityEditor.Tools> ()
UnityEditor.Tools:get_get ()
UnityEditor.Tools:get_visibleLayers ()
UnityEditor.Animations.Rigging.BoneRendererUtils:.cctor () (at ./Library/PackageCache/com.unity.animation.rigging@1.2.1/Editor/Utils/BoneRendererUtils.cs:121)
System.Runtime.CompilerServices.RuntimeHelpers:RunClassConstructor (System.RuntimeTypeHandle)
UnityEditor.EditorAssemblies:ProcessInitializeOnLoadAttributes (System.Type[])

(Filename: ./Library/PackageCache/com.unity.animation.rigging@1.2.1/Editor/Utils/BoneRendererUtils.cs Line: 121)

[MODES] ModeService[none].Initialize
[MODES] ModeService[none].LoadModes
[MODES] Loading mode Default (0) for mode-current-id-Ragdoll Most Wanted
Mono: successfully reloaded assembly
- Finished resetting the current domain, in  1.113 seconds
Domain Reload Profiling:
	ReloadAssembly (258ms)
		BeginReloadAssembly (177ms)
			ExecutionOrderSort (0ms)
			DisableScriptedObjects (6ms)
			BackupInstance (0ms)
			ReleaseScriptingObjects (0ms)
			CreateAndSetChildDomain (49ms)
		LoadAllAssembliesAndSetupDomain (699ms)
			LoadAssemblies (262ms)
			RebuildTransferFunctionScriptingTraits (0ms)
			SetupTypeCache (522ms)
				TypeCache.Initialize (257ms)
					TypeCache.ScanAssembly (250ms)
				ResolveRequiredComponents (10ms)
		FinalizeReload (0ms)
			ReleaseScriptCaches (0ms)
			RebuildScriptCaches (0ms)
			SetupLoadedEditorAssemblies (555ms)
				LogAssemblyErrors (0ms)
				InitializePlatformSupportModulesInManaged (22ms)
				SetLoadedEditorAssemblies (3ms)
				RefreshPlugins (0ms)
				BeforeProcessingInitializeOnLoad (68ms)
				ProcessInitializeOnLoadAttributes (387ms)
				ProcessInitializeOnLoadMethodAttributes (72ms)
				AfterProcessingInitializeOnLoad (3ms)
				EditorAssembliesLoaded (0ms)
			ExecutionOrderSort2 (0ms)
			AwakeInstancesAfterBackupRestoration (21ms)
Refreshing native plugins compatible for Editor in 2.12 ms, found 2 plugins.
Preloading 0 native plugins for Editor in 0.00 ms.
Unloading 3862 Unused Serialized files (Serialized files now loaded: 0)
Unloading 20 unused Assets / (458.3 KB). Loaded Objects now: 4543.
Memory consumption went from 0.61 GB to 0.61 GB.
Total: 4.256900 ms (FindLiveObjects: 0.392200 ms CreateObjectMapping: 0.643500 ms MarkObjects: 2.957600 ms  DeleteObjects: 0.262500 ms)

Prepare: number of updated asset objects reloaded= 0
AssetImportParameters requested are different than current active one (requested -> active):
  custom:container-demuxer-ogg: 62fdf1f143b41e24485cea50d1cbac27 -> 
  custom:video-decoder-ogg-theora: a1e56fd34408186e4bbccfd4996cb3dc -> 
  custom:framework-win-MediaFoundation: 216162199b28c13a410421893ffa2e32 -> 
  custom:container-demuxer-webm: 4f35f7cbe854078d1ac9338744f61a02 -> 
  custom:container-muxer-webm: aa71ff27fc2769a1b78a27578f13a17b -> 
  custom:video-decoder-webm-vp8: 9c59270c3fd7afecdb556c50c9e8de78 -> 
  custom:AudioImporter_EditorPlatform: d09bf68614088b80899f8185d706f6e7 -> 
  custom:video-encoder-webm-vp8: eb34c28f22e8b96e1ab97ce403110664 -> 
  custom:audio-decoder-ogg-vorbis: bf7c407c2cedff20999df2af8eb42d56 -> 
  custom:audio-encoder-webm-vorbis: bf7c407c2cedff20999df2af8eb42d56 -> 
========================================================================
Received Prepare
Begin MonoManager ReloadAssembly
- Loaded All Assemblies, in  0.960 seconds
Refreshing native plugins compatible for Editor in 1.70 ms, found 2 plugins.
Native extension for WindowsStandalone target not found
Native extension for Android target not found
[MODES] ModeService[none].Initialize
[MODES] ModeService[none].LoadModes
[MODES] Loading mode Default (0) for mode-current-id-Ragdoll Most Wanted
Mono: successfully reloaded assembly
- Finished resetting the current domain, in  1.139 seconds
Domain Reload Profiling:
	ReloadAssembly (239ms)
		BeginReloadAssembly (161ms)
			ExecutionOrderSort (0ms)
			DisableScriptedObjects (5ms)
			BackupInstance (0ms)
			ReleaseScriptingObjects (0ms)
			CreateAndSetChildDomain (47ms)
		LoadAllAssembliesAndSetupDomain (721ms)
			LoadAssemblies (244ms)
			RebuildTransferFunctionScriptingTraits (0ms)
			SetupTypeCache (553ms)
				TypeCache.Initialize (250ms)
					TypeCache.ScanAssembly (245ms)
				ResolveRequiredComponents (10ms)
		FinalizeReload (0ms)
			ReleaseScriptCaches (0ms)
			RebuildScriptCaches (0ms)
			SetupLoadedEditorAssemblies (544ms)
				LogAssemblyErrors (0ms)
				InitializePlatformSupportModulesInManaged (22ms)
				SetLoadedEditorAssemblies (4ms)
				RefreshPlugins (0ms)
				BeforeProcessingInitializeOnLoad (66ms)
				ProcessInitializeOnLoadAttributes (369ms)
				ProcessInitializeOnLoadMethodAttributes (79ms)
				AfterProcessingInitializeOnLoad (4ms)
				EditorAssembliesLoaded (0ms)
			ExecutionOrderSort2 (0ms)
			AwakeInstancesAfterBackupRestoration (24ms)
Refreshing native plugins compatible for Editor in 3.10 ms, found 2 plugins.
Preloading 0 native plugins for Editor in 0.00 ms.
Unloading 3862 Unused Serialized files (Serialized files now loaded: 0)
Unloading 20 unused Assets / (450.3 KB). Loaded Objects now: 4560.
Memory consumption went from 0.61 GB to 0.61 GB.
Total: 4.024700 ms (FindLiveObjects: 0.472300 ms CreateObjectMapping: 0.329400 ms MarkObjects: 3.025300 ms  DeleteObjects: 0.196700 ms)

Prepare: number of updated asset objects reloaded= 0
AssetImportParameters requested are different than current active one (requested -> active):
  custom:container-demuxer-ogg: 62fdf1f143b41e24485cea50d1cbac27 -> 
  custom:video-decoder-ogg-theora: a1e56fd34408186e4bbccfd4996cb3dc -> 
  custom:framework-win-MediaFoundation: 216162199b28c13a410421893ffa2e32 -> 
  custom:container-demuxer-webm: 4f35f7cbe854078d1ac9338744f61a02 -> 
  custom:container-muxer-webm: aa71ff27fc2769a1b78a27578f13a17b -> 
  custom:video-decoder-webm-vp8: 9c59270c3fd7afecdb556c50c9e8de78 -> 
  custom:AudioImporter_EditorPlatform: d09bf68614088b80899f8185d706f6e7 -> 
  custom:video-encoder-webm-vp8: eb34c28f22e8b96e1ab97ce403110664 -> 
  custom:audio-decoder-ogg-vorbis: bf7c407c2cedff20999df2af8eb42d56 -> 
  custom:audio-encoder-webm-vorbis: bf7c407c2cedff20999df2af8eb42d56 -> 
========================================================================
Received Import Request.
  Time since last request: 22766.835698 seconds.
  path: Assets/Models/chungus_TM_u0_v0.png
  artifactKey: Guid(51d11da2d31329342ac37db439392f50) Importer(815301076,1909f56bfc062723c751e8b465ee728b)
Start importing Assets/Models/chungus_TM_u0_v0.png using Guid(51d11da2d31329342ac37db439392f50) Importer(815301076,1909f56bfc062723c751e8b465ee728b)  -> (artifact id: 'cd962fb45c0df536c0b74a771e6db3db') in 1.468185 seconds 
Number of updated asset objects reloaded before import = 0
Number of asset objects unloaded after import = 2
========================================================================
Received Import Request.
  Time since last request: 0.000040 seconds.
  path: Assets/Models/WildHorse_BaseColor.png
  artifactKey: Guid(d5532ae6f6b426b4b88795c579dc66cf) Importer(815301076,1909f56bfc062723c751e8b465ee728b)
Start importing Assets/Models/WildHorse_BaseColor.png using Guid(d5532ae6f6b426b4b88795c579dc66cf) Importer(815301076,1909f56bfc062723c751e8b465ee728b)  -> (artifact id: '11cb9d7c75243b587f87dc8d168aea5f') in 0.018488 seconds 
Number of updated asset objects reloaded before import = 0
Number of asset objects unloaded after import = 2
========================================================================
Received Import Request.
  Time since last request: 0.000117 seconds.
  path: Assets/Models/LowPolyEpic.fbx
  artifactKey: Guid(be603664f6a37924cadb29e3879c9a10) Importer(815301076,1909f56bfc062723c751e8b465ee728b)
Start importing Assets/Models/LowPolyEpic.fbx using Guid(be603664f6a37924cadb29e3879c9a10) Importer(815301076,1909f56bfc062723c751e8b465ee728b)  -> (artifact id: 'aa1b308102b1ac0fb2034158c9d621d1') in 2.355586 seconds 
Number of updated asset objects reloaded before import = 0
Number of asset objects unloaded after import = 75
========================================================================
Received Import Request.
  Time since last request: 0.000029 seconds.
  path: Assets/Models/LowPolyCar.fbx
  artifactKey: Guid(08fbe128979897f408ccc230ee5c2df3) Importer(815301076,1909f56bfc062723c751e8b465ee728b)
Start importing Assets/Models/LowPolyCar.fbx using Guid(08fbe128979897f408ccc230ee5c2df3) Importer(815301076,1909f56bfc062723c751e8b465ee728b)  -> (artifact id: 'fac367571824be7f7cee5a083f1deeaf') in 0.103114 seconds 
Number of updated asset objects reloaded before import = 0
Number of asset objects unloaded after import = 47
========================================================================
Received Import Request.
  Time since last request: 0.000034 seconds.
  path: Assets/Models/StoopidLeg.fbx
  artifactKey: Guid(2d5c58ec1f7df584b89505a8a75c1d56) Importer(815301076,1909f56bfc062723c751e8b465ee728b)
Start importing Assets/Models/StoopidLeg.fbx using Guid(2d5c58ec1f7df584b89505a8a75c1d56) Importer(815301076,1909f56bfc062723c751e8b465ee728b)  -> (artifact id: '5b62c79cb245627eab367cd51c866633') in 0.045584 seconds 
Number of updated asset objects reloaded before import = 0
Number of asset objects unloaded after import = 26
========================================================================
Received Import Request.
  Time since last request: 0.000016 seconds.
  path: Assets/Models/Horse.fbx
  artifactKey: Guid(2f37adb9ca1c58e40b875b3ca369402a) Importer(815301076,1909f56bfc062723c751e8b465ee728b)
Start importing Assets/Models/Horse.fbx using Guid(2f37adb9ca1c58e40b875b3ca369402a) Importer(815301076,1909f56bfc062723c751e8b465ee728b)  -> (artifact id: '61faed386f18f845ce6a39cebdaa6468') in 0.044712 seconds 
Number of updated asset objects reloaded before import = 0
Number of asset objects unloaded after import = 77
========================================================================
Received Import Request.
  Time since last request: 0.000019 seconds.
  path: Assets/Models/Terrain.fbx
  artifactKey: Guid(9e1b97c469d185f468badf905a5afdd1) Importer(815301076,1909f56bfc062723c751e8b465ee728b)
Start importing Assets/Models/Terrain.fbx using Guid(9e1b97c469d185f468badf905a5afdd1) Importer(815301076,1909f56bfc062723c751e8b465ee728b)  -> (artifact id: 'ba80dd7b006b6c7689fc478d49b5d486') in 0.028793 seconds 
Number of updated asset objects reloaded before import = 0
Number of asset objects unloaded after import = 18
========================================================================
Received Import Request.
  Time since last request: 4.094103 seconds.
  path: Assets/Materials/Emissive/Car.mat
  artifactKey: Guid(56adce7909dc08a43bd30132c763cf29) Importer(815301076,1909f56bfc062723c751e8b465ee728b)
Start importing Assets/Materials/Emissive/Car.mat using Guid(56adce7909dc08a43bd30132c763cf29) Importer(815301076,1909f56bfc062723c751e8b465ee728b)  -> (artifact id: '16f8d3ca64877031d83fa5b5f87b22a6') in 0.013474 seconds 
Number of updated asset objects reloaded before import = 0
Number of asset objects unloaded after import = 2
========================================================================
Received Import Request.
  Time since last request: 0.000022 seconds.
  path: Assets/Materials/Emissive/RedEmmision.mat
  artifactKey: Guid(68a75823ce1c96948be8200917d3c164) Importer(815301076,1909f56bfc062723c751e8b465ee728b)
Start importing Assets/Materials/Emissive/RedEmmision.mat using Guid(68a75823ce1c96948be8200917d3c164) Importer(815301076,1909f56bfc062723c751e8b465ee728b)  -> (artifact id: '70c662a61669c73456a252db03c9b0be') in 1.125468 seconds 
Number of updated asset objects reloaded before import = 0
Number of asset objects unloaded after import = 2
========================================================================
Received Import Request.
  Time since last request: 0.000034 seconds.
  path: Assets/Materials/Emissive/FrontLight.mat
  artifactKey: Guid(f90722fc3e13b6846b2fe5e925f53805) Importer(815301076,1909f56bfc062723c751e8b465ee728b)
Start importing Assets/Materials/Emissive/FrontLight.mat using Guid(f90722fc3e13b6846b2fe5e925f53805) Importer(815301076,1909f56bfc062723c751e8b465ee728b)  -> (artifact id: '77fd84f1da8080543553cbbfa84f5e0b') in 0.015598 seconds 
Number of updated asset objects reloaded before import = 0
Number of asset objects unloaded after import = 2
Editor requested this worker to shutdown with reason: Scaling down because of idle timeout
TcpMessagingSession - receive error: operation aborted. errorcode: 995, details: The I/O operation has been aborted because of either a thread exit or an application request.
AssetImportWorker is now disconnected from the server
Process exiting
Exiting without the bug reporter. Application will terminate with return code 0